<?xml version="1.0" encoding="UTF-8"?>
<testsuite xmlns:xsi="http://www.w3.org/2001/XMLSchema-instance" xsi:noNamespaceSchemaLocation="https://maven.apache.org/surefire/maven-surefire-plugin/xsd/surefire-test-report.xsd" name="StringOperationsTest" time="0.129" tests="18" errors="0" skipped="0" failures="0">
  <properties>
[...]
</properties>
  <testcase name="concatTest" classname="StringOperationsTest" time="0.037"/>
  <testcase name="reverseTestWithSpecialCharacters" classname="StringOperationsTest" time="0"/>
  <testcase name="palindromeTestWithSpecialCharacters" classname="StringOperationsTest" time="0.008"/>
  <testcase name="palindromeTestEmptyString" classname="StringOperationsTest" time="0.005"/>
  <testcase name="reverseTestWithIntValue" classname="StringOperationsTest" time="0.002"/>
  <testcase name="notPalindromeTestWithSpecialCharacters" classname="StringOperationsTest" time="0.002"/>
  <testcase name="concatTestWithFirstEmptyString" classname="StringOperationsTest" time="0.003"/>
  <testcase name="reverseTestWithEmptyString" classname="StringOperationsTest" time="0.005"/>
  <testcase name="concatWithFirstNullString" classname="StringOperationsTest" time="0.001"/>
  <testcase name="reverseTestWithNullString" classname="StringOperationsTest" time="0.001"/>
  <testcase name="concatTestWithSecondEmptyString" classname="StringOperationsTest" time="0.001"/>
  <testcase name="concatTestWithNullStrings" classname="StringOperationsTest" time="0.001"/>
  <testcase name="notPalindromeTest" classname="StringOperationsTest" time="0"/>
  <testcase name="palindromeTestWithNullString" classname="StringOperationsTest" time="0.001"/>
  <testcase name="concatWithSecondNullString" classname="StringOperationsTest" time="0.001"/>
  <testcase name="palindromeTest" classname="StringOperationsTest" time="0.001"/>
  <testcase name="reverseTest" classname="StringOperationsTest" time="0"/>
  <testcase name="palindromeTestWithOneLetter" classname="StringOperationsTest" time="0.001"/>
</testsuite>